<?xml version="1.0" encoding="UTF-8"?>
<coverage generated="1708100325962" clover="3.2.0">
  <project timestamp="1708100325962" name="All files">
    <metrics statements="8" coveredstatements="6" conditionals="0" coveredconditionals="0" methods="5" coveredmethods="3" elements="13" coveredelements="9" complexity="0" loc="8" ncloc="8" packages="1" files="2" classes="2"/>
    <file name="ecommerce.js" path="/Users/ghabrilleampo/Documents/Personal/Revature/1821 Serverless NERD Training/week1/node_testing/ecommerce.js">
      <metrics statements="3" coveredstatements="1" conditionals="0" coveredconditionals="0" methods="2" coveredmethods="0"/>
      <line num="2" count="0" type="stmt"/>
      <line num="3" count="0" type="stmt"/>
      <line num="8" count="1" type="stmt"/>
    </file>
    <file name="math.js" path="/Users/ghabrilleampo/Documents/Personal/Revature/1821 Serverless NERD Training/week1/node_testing/math.js">
      <metrics statements="5" coveredstatements="5" conditionals="0" coveredconditionals="0" methods="3" coveredmethods="3"/>
      <line num="29" count="2" type="stmt"/>
      <line num="30" count="4" type="stmt"/>
      <line num="31" count="2" type="stmt"/>
      <line num="32" count="2" type="stmt"/>
      <line num="35" count="2" type="stmt"/>
    </file>
  </project>
</coverage>
