{"/Users/ghabrilleampo/Documents/Personal/Revature/1821 Serverless NERD Training/week1/node_testing/ecommerce.js": {"path":"/Users/ghabrilleampo/Documents/Personal/Revature/1821 Serverless NERD Training/week1/node_testing/ecommerce.js","statementMap":{"0":{"start":{"line":2,"column":21},"end":{"line":2,"column":78}},"1":{"start":{"line":2,"column":55},"end":{"line":2,"column":73}},"2":{"start":{"line":3,"column":2},"end":{"line":3,"column":20}},"3":{"start":{"line":8,"column":0},"end":{"line":8,"column":36}}},"fnMap":{"0":{"name":"calculateTotal","decl":{"start":{"line":1,"column":9},"end":{"line":1,"column":23}},"loc":{"start":{"line":1,"column":34},"end":{"line":4,"column":1}},"line":1},"1":{"name":"(anonymous_1)","decl":{"start":{"line":2,"column":37},"end":{"line":2,"column":38}},"loc":{"start":{"line":2,"column":55},"end":{"line":2,"column":73}},"line":2}},"branchMap":{},"s":{"0":0,"1":0,"2":0,"3":1},"f":{"0":0,"1":0},"b":{},"_coverageSchema":"1a1c01bbd47fc00a2c39e90264f33305004495a9","hash":"4b3e46e145efaa8ecb468dfa323cdcda6e10b3c2"}
,"/Users/ghabrilleampo/Documents/Personal/Revature/1821 Serverless NERD Training/week1/node_testing/math.js": {"path":"/Users/ghabrilleampo/Documents/Personal/Revature/1821 Serverless NERD Training/week1/node_testing/math.js","statementMap":{"0":{"start":{"line":29,"column":23},"end":{"line":33,"column":1}},"1":{"start":{"line":30,"column":17},"end":{"line":30,"column":22}},"2":{"start":{"line":31,"column":18},"end":{"line":31,"column":23}},"3":{"start":{"line":32,"column":18},"end":{"line":32,"column":23}},"4":{"start":{"line":35,"column":0},"end":{"line":35,"column":32}}},"fnMap":{"0":{"name":"(anonymous_0)","decl":{"start":{"line":30,"column":7},"end":{"line":30,"column":8}},"loc":{"start":{"line":30,"column":17},"end":{"line":30,"column":22}},"line":30},"1":{"name":"(anonymous_1)","decl":{"start":{"line":31,"column":8},"end":{"line":31,"column":9}},"loc":{"start":{"line":31,"column":18},"end":{"line":31,"column":23}},"line":31},"2":{"name":"(anonymous_2)","decl":{"start":{"line":32,"column":8},"end":{"line":32,"column":9}},"loc":{"start":{"line":32,"column":18},"end":{"line":32,"column":23}},"line":32}},"branchMap":{},"s":{"0":2,"1":4,"2":2,"3":2,"4":2},"f":{"0":4,"1":2,"2":2},"b":{},"_coverageSchema":"1a1c01bbd47fc00a2c39e90264f33305004495a9","hash":"0fa434e1bc523c92fb3f1d97e9b875e176a3942d"}
}
